<?xml version="1.0" encoding="UTF-8"?>
<testng-results total="1" passed="1" failed="0" skipped="0">
  <reporter-output>
  </reporter-output>
  <suite started-at="2024-10-26T07:04:15Z" name="Surefire suite" finished-at="2024-10-26T07:04:30Z" duration-ms="14745">
    <groups>
    </groups>
    <test started-at="2024-10-26T07:04:15Z" name="Surefire test" finished-at="2024-10-26T07:04:30Z" duration-ms="14745">
      <class name="test.MainTest">
        <test-method is-config="true" signature="setup()[pri:0, instance:test.MainTest@490c7a83]" started-at="2024-10-26T13:04:15Z" name="setup" finished-at="2024-10-26T13:04:24Z" duration-ms="8988" status="PASS">
          <reporter-output>
          </reporter-output>
        </test-method> <!-- setup -->
        <test-method signature="test(java.lang.String, java.lang.String)[pri:0, instance:test.MainTest@490c7a83]" started-at="2024-10-26T13:04:24Z" name="test" data-provider="dataprovider" finished-at="2024-10-26T13:04:29Z" duration-ms="5164" status="PASS">
          <params>
            <param index="0">
              <value>
                <![CDATA[mosaddik@steeltech-bd.com]]>
              </value>
            </param>
            <param index="1">
              <value>
                <![CDATA[steeltech123]]>
              </value>
            </param>
          </params>
          <reporter-output>
          </reporter-output>
        </test-method> <!-- test -->
        <test-method is-config="true" signature="teardown()[pri:0, instance:test.MainTest@490c7a83]" started-at="2024-10-26T13:04:29Z" name="teardown" finished-at="2024-10-26T13:04:30Z" duration-ms="389" status="PASS">
          <reporter-output>
          </reporter-output>
        </test-method> <!-- teardown -->
      </class> <!-- test.MainTest -->
    </test> <!-- Surefire test -->
  </suite> <!-- Surefire suite -->
</testng-results>
