<?xml version="1.0" encoding="UTF-8"?>
<testng-results ignored="0" total="1" passed="1" failed="0" skipped="0">
  <reporter-output>
  </reporter-output>
  <suite started-at="2024-10-18T13:00:31 BDT" name="Surefire suite" finished-at="2024-10-18T13:00:39 BDT" duration-ms="8622">
    <groups>
    </groups>
    <test started-at="2024-10-18T13:00:31 BDT" name="Surefire test" finished-at="2024-10-18T13:00:39 BDT" duration-ms="8622">
      <class name="test.MainTest">
        <test-method is-config="true" signature="setup()[pri:0, instance:test.MainTest@1d247525]" started-at="2024-10-18T13:00:31 BDT" name="setup" finished-at="2024-10-18T13:00:35 BDT" duration-ms="3784" status="PASS">
          <reporter-output>
          </reporter-output>
        </test-method> <!-- setup -->
        <test-method signature="test(java.lang.String,java.lang.String)[pri:0, instance:test.MainTest@1d247525]" started-at="2024-10-18T13:00:35 BDT" name="test" data-provider="dataprovider" finished-at="2024-10-18T13:00:39 BDT" duration-ms="4040" status="PASS">
          <params>
            <param index="0">
              <value>
                <![CDATA[mosaddik@steeltech-bd.com]]>
              </value>
            </param>
            <param index="1">
              <value>
                <![CDATA[steeltech123]]>
              </value>
            </param>
          </params>
          <reporter-output>
          </reporter-output>
        </test-method> <!-- test -->
        <test-method is-config="true" signature="teardown()[pri:0, instance:test.MainTest@1d247525]" started-at="2024-10-18T13:00:39 BDT" name="teardown" finished-at="2024-10-18T13:00:39 BDT" duration-ms="445" status="PASS">
          <reporter-output>
          </reporter-output>
        </test-method> <!-- teardown -->
      </class> <!-- test.MainTest -->
    </test> <!-- Surefire test -->
  </suite> <!-- Surefire suite -->
</testng-results>
